#
# There is insufficient memory for the Java Runtime Environment to continue.
# Native memory allocation (mmap) failed to map 266338304 bytes for Failed to commit area from 0x0000000702c00000 to 0x0000000712a00000 of length 266338304.
# Possible reasons:
#   The system is out of physical RAM or swap space
#   The process is running with CompressedOops enabled, and the Java Heap may be blocking the growth of the native heap
# Possible solutions:
#   Reduce memory load on the system
#   Increase physical memory or swap space
#   Check if swap backing store is full
#   Decrease Java heap size (-Xmx/-Xms)
#   Decrease number of Java threads
#   Decrease Java thread stack sizes (-Xss)
#   Set larger code cache with -XX:ReservedCodeCacheSize=
# This output file may be truncated or incomplete.
#
#  Out of Memory Error (src/hotspot/os/windows/os_windows.cpp:3627), pid=19180, tid=5092
#
# JRE version:  (11.0.15) (build )
# Java VM: OpenJDK 64-Bit Server VM (11.0.15+0-b2043.56-9505619, mixed mode, sharing, tiered, compressed oops, g1 gc, windows-amd64)
# No core dump will be written. Minidumps are not enabled by default on client versions of Windows
#

---------------  S U M M A R Y ------------

Command Line: org.jetbrains.kotlin.cli.jvm.K2JVMCompiler @F:\android\BloodshareDendi\app\build\20230429_17295505994597752927.compiler.options

Host: Intel(R) Core(TM) i7-10750H CPU @ 2.60GHz, 12 cores, 15G,  Windows 11 , 64 bit Build 22621 (10.0.22621.1485)
Time: Sat Apr 29 19:44:17 2023 SE Asia Standard Time elapsed time: 0.008555 seconds (0d 0h 0m 0s)

---------------  T H R E A D  ---------------

Current thread (0x000002afb46cf800):  JavaThread "Unknown thread" [_thread_in_vm, id=5092, stack(0x000000ec28500000,0x000000ec28600000)]

Stack: [0x000000ec28500000,0x000000ec28600000]
Native frames: (J=compiled Java code, j=interpreted, Vv=VM code, C=native code)
V  [jvm.dll+0x64135a]
V  [jvm.dll+0x7d39f9]
V  [jvm.dll+0x7d51b9]
V  [jvm.dll+0x7d58a3]
V  [jvm.dll+0x2691c5]
V  [jvm.dll+0x63e4e9]
V  [jvm.dll+0x632985]
V  [jvm.dll+0x3231ac]
V  [jvm.dll+0x323032]
V  [jvm.dll+0x327c06]
V  [jvm.dll+0x36ffa2]
V  [jvm.dll+0x36fa01]
V  [jvm.dll+0x2fea28]
V  [jvm.dll+0x2ffb25]
V  [jvm.dll+0x7accd7]
V  [jvm.dll+0x7ae49f]
V  [jvm.dll+0x37d299]
V  [jvm.dll+0x78ef9f]
V  [jvm.dll+0x3ec847]
V  [jvm.dll+0x3eed31]
C  [jli.dll+0x52cb]
C  [ucrtbase.dll+0x29363]
C  [KERNEL32.DLL+0x1269d]
C  [ntdll.dll+0x5a9f8]


---------------  P R O C E S S  ---------------

Threads class SMR info:
_java_thread_list=0x000002afb25a6b40, length=0, elements={
}

Java Threads: ( => current thread )

Other Threads:
  0x000002afb46e7000 GCTaskThread "GC Thread#0" [stack: 0x000000ec28600000,0x000000ec28700000] [id=8336]
  0x000002afb4744000 ConcurrentGCThread "G1 Main Marker" [stack: 0x000000ec28700000,0x000000ec28800000] [id=8076]
  0x000002afb474a000 ConcurrentGCThread "G1 Conc#0" [stack: 0x000000ec28800000,0x000000ec28900000] [id=10928]

[error occurred during error reporting (printing all threads), id 0xc0000005, EXCEPTION_ACCESS_VIOLATION (0xc0000005) at pc=0x00007fff7646f3e7]

VM state:not at safepoint (not fully initialized)

VM Mutex/Monitor currently owned by a thread:  ([mutex/lock_event])
[0x000002afb46cb660] Heap_lock - owner thread: 0x000002afb46cf800

Heap address: 0x0000000702c00000, size: 4052 MB, Compressed Oops mode: Non-zero based: 0x0000000702c00000
Narrow klass base: 0x0000000000000000, Narrow klass shift: 0

GC Heap History (0 events):
No events

Deoptimization events (0 events):
No events

Classes redefined (0 events):
No events

Internal exceptions (0 events):
No events

Events (1 events):
Event: 0.005 Loaded shared library C:\Program Files\Android\Android Studio\jbr\bin\zip.dll


Dynamic libraries:
0x00007ff661e60000 - 0x00007ff661e6a000 	C:\Program Files\Android\Android Studio\jbr\bin\java.exe
0x00007ff81b2d0000 - 0x00007ff81b4e4000 	C:\WINDOWS\SYSTEM32\ntdll.dll
0x00007ff81a040000 - 0x00007ff81a102000 	C:\WINDOWS\System32\KERNEL32.DLL
0x00007ff818940000 - 0x00007ff818cdc000 	C:\WINDOWS\System32\KERNELBASE.dll
0x00007ff818820000 - 0x00007ff818931000 	C:\WINDOWS\System32\ucrtbase.dll
0x00007ff800b80000 - 0x00007ff800b97000 	C:\Program Files\Android\Android Studio\jbr\bin\jli.dll
0x00007ff800b60000 - 0x00007ff800b7b000 	C:\Program Files\Android\Android Studio\jbr\bin\VCRUNTIME140.dll
0x00007ff819d10000 - 0x00007ff819ebb000 	C:\WINDOWS\System32\USER32.dll
0x00007ff818e00000 - 0x00007ff818e26000 	C:\WINDOWS\System32\win32u.dll
0x00007ffffbb20000 - 0x00007ffffbdae000 	C:\WINDOWS\WinSxS\amd64_microsoft.windows.common-controls_6595b64144ccf1df_6.0.22621.608_none_a9444ca7c10bb01d\COMCTL32.dll
0x00007ff819690000 - 0x00007ff819737000 	C:\WINDOWS\System32\msvcrt.dll
0x00007ff81a5c0000 - 0x00007ff81a5e9000 	C:\WINDOWS\System32\GDI32.dll
0x00007ff818ce0000 - 0x00007ff818df3000 	C:\WINDOWS\System32\gdi32full.dll
0x00007ff818710000 - 0x00007ff8187aa000 	C:\WINDOWS\System32\msvcp_win.dll
0x00007ff81a560000 - 0x00007ff81a591000 	C:\WINDOWS\System32\IMM32.DLL
0x00007ff812d00000 - 0x00007ff812d0c000 	C:\Program Files\Android\Android Studio\jbr\bin\vcruntime140_1.dll
0x00007fffeae40000 - 0x00007fffeaecd000 	C:\Program Files\Android\Android Studio\jbr\bin\msvcp140.dll
0x00007fff76160000 - 0x00007fff76d1c000 	C:\Program Files\Android\Android Studio\jbr\bin\server\jvm.dll
0x00007ff819a50000 - 0x00007ff819afe000 	C:\WINDOWS\System32\ADVAPI32.dll
0x00007ff81a190000 - 0x00007ff81a234000 	C:\WINDOWS\System32\sechost.dll
0x00007ff819560000 - 0x00007ff819677000 	C:\WINDOWS\System32\RPCRT4.dll
0x00007ff81a030000 - 0x00007ff81a038000 	C:\WINDOWS\System32\PSAPI.DLL
0x00007ff8065d0000 - 0x00007ff806604000 	C:\WINDOWS\SYSTEM32\WINMM.dll
0x00007ff815a40000 - 0x00007ff815a49000 	C:\WINDOWS\SYSTEM32\WSOCK32.dll
0x00007ff811e40000 - 0x00007ff811e4a000 	C:\WINDOWS\SYSTEM32\VERSION.dll
0x00007ff81a110000 - 0x00007ff81a181000 	C:\WINDOWS\System32\WS2_32.dll
0x00007ff817850000 - 0x00007ff817868000 	C:\WINDOWS\SYSTEM32\kernel.appcore.dll
0x00007ff815a30000 - 0x00007ff815a40000 	C:\Program Files\Android\Android Studio\jbr\bin\verify.dll
0x00007ff804da0000 - 0x00007ff804fce000 	C:\WINDOWS\SYSTEM32\DBGHELP.DLL
0x00007ff81aef0000 - 0x00007ff81b279000 	C:\WINDOWS\System32\combase.dll
0x00007ff81a240000 - 0x00007ff81a317000 	C:\WINDOWS\System32\OLEAUT32.dll
0x00007fffff910000 - 0x00007fffff942000 	C:\WINDOWS\SYSTEM32\dbgcore.DLL
0x00007ff819060000 - 0x00007ff8190db000 	C:\WINDOWS\System32\bcryptPrimitives.dll
0x00007fffe93f0000 - 0x00007fffe9418000 	C:\Program Files\Android\Android Studio\jbr\bin\java.dll
0x00007ff8002b0000 - 0x00007ff8002ba000 	C:\Program Files\Android\Android Studio\jbr\bin\jimage.dll
0x00007fffea3f0000 - 0x00007fffea408000 	C:\Program Files\Android\Android Studio\jbr\bin\zip.dll

dbghelp: loaded successfully - version: 4.0.5 - missing functions: none
symbol engine: initialized successfully - sym options: 0x614 - pdb path: .;C:\Program Files\Android\Android Studio\jbr\bin;C:\WINDOWS\SYSTEM32;C:\WINDOWS\WinSxS\amd64_microsoft.windows.common-controls_6595b64144ccf1df_6.0.22621.608_none_a9444ca7c10bb01d;C:\Program Files\Android\Android Studio\jbr\bin\server

VM Arguments:
java_command: org.jetbrains.kotlin.cli.jvm.K2JVMCompiler @F:\android\BloodshareDendi\app\build\20230429_17295505994597752927.compiler.options
java_class_path (initial): C:\Users\Dendi\.gradle\caches\modules-2\files-2.1\org.jetbrains.kotlin\kotlin-compiler-embeddable\1.8.0\eb9118d4bcceaa2a94b2ae2a33a4ddba7c9a947f\kotlin-compiler-embeddable-1.8.0.jar;C:\Users\Dendi\.gradle\caches\modules-2\files-2.1\org.jetbrains.kotlin\kotlin-stdlib\1.8.0\1796921c7a3e2e2665a83e6c8d33399336cd39bc\kotlin-stdlib-1.8.0.jar;C:\Users\Dendi\.gradle\caches\modules-2\files-2.1\org.jetbrains.kotlin\kotlin-script-runtime\1.8.0\b2f7e760d283cb339974851c222a4c1d48f2d3d\kotlin-script-runtime-1.8.0.jar;C:\Users\Dendi\.gradle\caches\modules-2\files-2.1\org.jetbrains.kotlin\kotlin-reflect\1.6.10\1cbe9c92c12a94eea200d23c2bbaedaf3daf5132\kotlin-reflect-1.6.10.jar;C:\Users\Dendi\.gradle\caches\modules-2\files-2.1\org.jetbrains.kotlin\kotlin-daemon-embeddable\1.8.0\d255216c551685dc3a7e852b53617f5f01aaaa5c\kotlin-daemon-embeddable-1.8.0.jar;C:\Users\Dendi\.gradle\caches\modules-2\files-2.1\org.jetbrains.intellij.deps\trove4j\1.0.20200330\3afb14d5f9ceb459d724e907a21145e8ff394f02\trove4j-1.0.20200330.jar;C:\Users\Dendi\.gradle\caches\modules-2\files-2.1\net.java.dev.jna\jna\5.6.0\330f2244e9030119ab3030fc3fededc86713d9cc\jna-5.6.0.jar;C:\Users\Dendi\.gradle\caches\modules-2\files-2.1\org.jetbrains.kotlin\kotlin-stdlib-common\1.8.0\f7197e7cc76453ac59f8b0f8d5137cc600becd36\kotlin-stdlib-common-1.8.0.jar;C:\Users\Dendi\.gradle\caches\modules-2\files-2.1\org.jetbrains\annotations\13.0\919f0dfe192fb4e063e7dacadee7f8bb9a2672a9\annotations-13.0.jar
Launcher Type: SUN_STANDARD

[Global flags]
     intx CICompilerCount                          = 4                                         {product} {ergonomic}
     uint ConcGCThreads                            = 3                                         {product} {ergonomic}
     uint G1ConcRefinementThreads                  = 10                                        {product} {ergonomic}
   size_t G1HeapRegionSize                         = 1048576                                   {product} {ergonomic}
    uintx GCDrainStackTargetSize                   = 64                                        {product} {ergonomic}
   size_t InitialHeapSize                          = 266338304                                 {product} {ergonomic}
   size_t MarkStackSize                            = 4194304                                   {product} {ergonomic}
   size_t MaxHeapSize                              = 4248829952                                {product} {ergonomic}
   size_t MinHeapDeltaBytes                        = 1048576                                   {product} {ergonomic}
    uintx NonNMethodCodeHeapSize                   = 5836300                                {pd product} {ergonomic}
    uintx NonProfiledCodeHeapSize                  = 122910970                              {pd product} {ergonomic}
    uintx ProfiledCodeHeapSize                     = 122910970                              {pd product} {ergonomic}
    uintx ReservedCodeCacheSize                    = 251658240                              {pd product} {ergonomic}
     bool SegmentedCodeCache                       = true                                      {product} {ergonomic}
     bool UseCompressedClassPointers               = true                                 {lp64_product} {ergonomic}
     bool UseCompressedOops                        = true                                 {lp64_product} {ergonomic}
     bool UseG1GC                                  = true                                      {product} {ergonomic}
     bool UseLargePagesIndividualAllocation        = false                                  {pd product} {ergonomic}

Logging:
Log output configuration:
 #0: stdout all=warning uptime,level,tags
 #1: stderr all=off uptime,level,tags

Environment Variables:
JAVA_HOME=C:\Program Files\Amazon Corretto\jdk17.0.2_8
PATH=C:\Program Files\Amazon Corretto\jdk17.0.2_8\bin;C:\Program Files (x86)\Common Files\Oracle\Java\javapath;C:\Program Files\Amazon Corretto\jdk11.0.13_8\bin;C:\Program Files\Common Files\Oracle\Java\javapath;C:\Windows\system32;C:\Windows;C:\Windows\System32\Wbem;C:\Windows\System32\WindowsPowerShell\v1.0\;C:\Windows\System32\OpenSSH\;C:\Program Files (x86)\NVIDIA Corporation\PhysX\Common;C:\Program Files\NVIDIA Corporation\NVIDIA NvDLISR;C:\Program Files\Java\jdk-17;C:\Program Files\dotnet\;C:\ProgramData\ComposerSetup\bin;C:\Program Files\PuTTY\;C:\Program Files\Git\cmd;C:\Program Files\nodejs\;%SystemRoot%\system32;%SystemRoot%;%SystemRoot%\System32\Wbem;%SYSTEMROOT%\System32\WindowsPowerShell\v1.0\;%SYSTEMROOT%\System32\OpenSSH\;C:\Users\Dendi\AppData\Local\Microsoft\WindowsApps;C:\Program Files\JetBrains\IntelliJ IDEA Community Edition 2021.2.1\bin;C:\Users\Dendi\AppData\Local\Programs\Microsoft VS Code\bin;C:\FFmpeg;C:\Program Files\mingw-w64\x86_64-8.1.0-posix-seh-rt_v6-rev0\mingw64\bin;C:\src\flutter\bin;C:\php7;C:\Users\Dendi\AppData\Roaming\Composer\vendor\bin;C:\Users\Dendi\AppData\Roaming\Composer\vendor\bin;C:\Users\Dendi\AppData\Roaming\npm
USERNAME=Dendi
OS=Windows_NT
PROCESSOR_IDENTIFIER=Intel64 Family 6 Model 165 Stepping 2, GenuineIntel



---------------  S Y S T E M  ---------------

OS: Windows 11 , 64 bit Build 22621 (10.0.22621.1485)
OS uptime: 0 days 0:34 hours

CPU:total 12 (initial active 12) (6 cores per cpu, 2 threads per core) family 6 model 165 stepping 2 microcode 0xe2, cmov, cx8, fxsr, mmx, sse, sse2, sse3, ssse3, sse4.1, sse4.2, popcnt, avx, avx2, aes, clmul, erms, 3dnowpref, lzcnt, ht, tsc, tscinvbit, bmi1, bmi2, adx, fma

Memory: 4k page, system-wide physical 16205M (2090M free)
TotalPageFile size 19137M (AvailPageFile size 191M)
current process WorkingSet (physical memory assigned to process): 11M, peak: 11M
current process commit charge ("private bytes"): 64M, peak: 318M

vm_info: OpenJDK 64-Bit Server VM (11.0.15+0-b2043.56-9505619) for windows-amd64 JRE (11.0.15+0-b2043.56-9505619), built on Jan 19 2023 02:48:00 by "builduser" with unknown MS VC++:1929

END.
